[2025-04-28 10:14:18Z INFO HostContext] No proxy settings were found based on environmental variables (http_proxy/https_proxy/HTTP_PROXY/HTTPS_PROXY)
[2025-04-28 10:14:18Z INFO HostContext] Well known directory 'Bin': '/Users/benriley/Documents/GitHub/GithubActions/actions-runner/bin'
[2025-04-28 10:14:18Z INFO HostContext] Well known directory 'Root': '/Users/benriley/Documents/GitHub/GithubActions/actions-runner'
[2025-04-28 10:14:18Z INFO HostContext] Well known config file 'Credentials': '/Users/benriley/Documents/GitHub/GithubActions/actions-runner/.credentials'
[2025-04-28 10:14:18Z INFO HostContext] Well known directory 'Bin': '/Users/benriley/Documents/GitHub/GithubActions/actions-runner/bin'
[2025-04-28 10:14:18Z INFO HostContext] Well known directory 'Root': '/Users/benriley/Documents/GitHub/GithubActions/actions-runner'
[2025-04-28 10:14:18Z INFO HostContext] Well known config file 'Runner': '/Users/benriley/Documents/GitHub/GithubActions/actions-runner/.runner'
[2025-04-28 10:14:18Z INFO Listener] Runner is built for OSX (X64) - osx-x64.
[2025-04-28 10:14:18Z INFO Listener] RuntimeInformation: Darwin 24.2.0 Darwin Kernel Version 24.2.0: Fri Dec  6 19:00:33 PST 2024; root:xnu-11215.61.5~2/RELEASE_ARM64_T8122.
[2025-04-28 10:14:18Z INFO Listener] Version: 2.323.0
[2025-04-28 10:14:18Z INFO Listener] Commit: d8b82f44a9ec0258904d5869ae683c31d5aac299
[2025-04-28 10:14:18Z INFO Listener] Culture: en-US
[2025-04-28 10:14:18Z INFO Listener] UI Culture: en-US
[2025-04-28 10:14:18Z INFO HostContext] Well known directory 'Bin': '/Users/benriley/Documents/GitHub/GithubActions/actions-runner/bin'
[2025-04-28 10:14:18Z INFO HostContext] Well known directory 'Root': '/Users/benriley/Documents/GitHub/GithubActions/actions-runner'
[2025-04-28 10:14:18Z INFO Listener] Validating directory permissions for: '/Users/benriley/Documents/GitHub/GithubActions/actions-runner'
[2025-04-28 10:14:18Z INFO CommandLineParser] Parse
[2025-04-28 10:14:18Z INFO CommandLineParser] Parsing 1 args
[2025-04-28 10:14:18Z INFO CommandLineParser] parsing argument
[2025-04-28 10:14:18Z INFO CommandLineParser] HasArgs: False
[2025-04-28 10:14:18Z INFO CommandLineParser] Adding Command: run
[2025-04-28 10:14:18Z INFO Listener] Arguments parsed
[2025-04-28 10:14:18Z INFO Runner] ExecuteCommand
[2025-04-28 10:14:18Z INFO ConfigurationStore] currentAssemblyLocation: /Users/benriley/Documents/GitHub/GithubActions/actions-runner/bin/Runner.Listener.dll
[2025-04-28 10:14:18Z INFO HostContext] Well known directory 'Bin': '/Users/benriley/Documents/GitHub/GithubActions/actions-runner/bin'
[2025-04-28 10:14:18Z INFO ConfigurationStore] binPath: /Users/benriley/Documents/GitHub/GithubActions/actions-runner/bin
[2025-04-28 10:14:18Z INFO HostContext] Well known directory 'Bin': '/Users/benriley/Documents/GitHub/GithubActions/actions-runner/bin'
[2025-04-28 10:14:18Z INFO HostContext] Well known directory 'Root': '/Users/benriley/Documents/GitHub/GithubActions/actions-runner'
[2025-04-28 10:14:18Z INFO ConfigurationStore] RootFolder: /Users/benriley/Documents/GitHub/GithubActions/actions-runner
[2025-04-28 10:14:18Z INFO HostContext] Well known directory 'Bin': '/Users/benriley/Documents/GitHub/GithubActions/actions-runner/bin'
[2025-04-28 10:14:18Z INFO HostContext] Well known directory 'Root': '/Users/benriley/Documents/GitHub/GithubActions/actions-runner'
[2025-04-28 10:14:18Z INFO HostContext] Well known config file 'Runner': '/Users/benriley/Documents/GitHub/GithubActions/actions-runner/.runner'
[2025-04-28 10:14:18Z INFO ConfigurationStore] ConfigFilePath: /Users/benriley/Documents/GitHub/GithubActions/actions-runner/.runner
[2025-04-28 10:14:18Z INFO HostContext] Well known directory 'Bin': '/Users/benriley/Documents/GitHub/GithubActions/actions-runner/bin'
[2025-04-28 10:14:18Z INFO HostContext] Well known directory 'Root': '/Users/benriley/Documents/GitHub/GithubActions/actions-runner'
[2025-04-28 10:14:18Z INFO HostContext] Well known config file 'MigratedRunner': '/Users/benriley/Documents/GitHub/GithubActions/actions-runner/.runner_migrated'
[2025-04-28 10:14:18Z INFO ConfigurationStore] MigratedConfigFilePath: /Users/benriley/Documents/GitHub/GithubActions/actions-runner/.runner_migrated
[2025-04-28 10:14:18Z INFO HostContext] Well known directory 'Bin': '/Users/benriley/Documents/GitHub/GithubActions/actions-runner/bin'
[2025-04-28 10:14:18Z INFO HostContext] Well known directory 'Root': '/Users/benriley/Documents/GitHub/GithubActions/actions-runner'
[2025-04-28 10:14:18Z INFO HostContext] Well known config file 'Credentials': '/Users/benriley/Documents/GitHub/GithubActions/actions-runner/.credentials'
[2025-04-28 10:14:18Z INFO ConfigurationStore] CredFilePath: /Users/benriley/Documents/GitHub/GithubActions/actions-runner/.credentials
[2025-04-28 10:14:18Z INFO HostContext] Well known directory 'Bin': '/Users/benriley/Documents/GitHub/GithubActions/actions-runner/bin'
[2025-04-28 10:14:18Z INFO HostContext] Well known directory 'Root': '/Users/benriley/Documents/GitHub/GithubActions/actions-runner'
[2025-04-28 10:14:18Z INFO HostContext] Well known config file 'MigratedCredentials': '/Users/benriley/Documents/GitHub/GithubActions/actions-runner/.credentials_migrated'
[2025-04-28 10:14:18Z INFO ConfigurationStore] MigratedCredFilePath: /Users/benriley/Documents/GitHub/GithubActions/actions-runner/.credentials_migrated
[2025-04-28 10:14:18Z INFO HostContext] Well known directory 'Bin': '/Users/benriley/Documents/GitHub/GithubActions/actions-runner/bin'
[2025-04-28 10:14:18Z INFO HostContext] Well known directory 'Root': '/Users/benriley/Documents/GitHub/GithubActions/actions-runner'
[2025-04-28 10:14:18Z INFO HostContext] Well known config file 'Service': '/Users/benriley/Documents/GitHub/GithubActions/actions-runner/.service'
[2025-04-28 10:14:18Z INFO ConfigurationStore] ServiceConfigFilePath: /Users/benriley/Documents/GitHub/GithubActions/actions-runner/.service
[2025-04-28 10:14:18Z INFO CommandSettings] Flag 'help': 'False'
[2025-04-28 10:14:18Z INFO CommandSettings] Flag 'version': 'False'
[2025-04-28 10:14:18Z INFO CommandSettings] Flag 'commit': 'False'
[2025-04-28 10:14:18Z INFO CommandSettings] Flag 'check': 'False'
[2025-04-28 10:14:18Z INFO CommandSettings] Command 'configure': 'False'
[2025-04-28 10:14:18Z INFO CommandSettings] Command 'remove': 'False'
[2025-04-28 10:14:18Z INFO CommandSettings] Command 'warmup': 'False'
[2025-04-28 10:14:18Z INFO ConfigurationManager] LoadSettings
[2025-04-28 10:14:18Z INFO ConfigurationStore] IsConfigured()
[2025-04-28 10:14:18Z INFO ConfigurationStore] IsConfigured: True
[2025-04-28 10:14:18Z INFO ConfigurationManager] Is configured: True
[2025-04-28 10:14:18Z INFO ConfigurationStore] Read setting file: 308 chars
[2025-04-28 10:14:18Z INFO ConfigurationManager] Settings Loaded
[2025-04-28 10:14:18Z INFO ConfigurationStore] IsServiceConfigured()
[2025-04-28 10:14:18Z INFO ConfigurationStore] IsServiceConfigured: False
[2025-04-28 10:14:18Z INFO CommandSettings] Command 'run': 'True'
[2025-04-28 10:14:18Z INFO ConfigurationStore] IsConfigured()
[2025-04-28 10:14:18Z INFO ConfigurationStore] IsConfigured: True
[2025-04-28 10:14:18Z INFO ConfigurationManager] Is configured: True
[2025-04-28 10:14:18Z INFO Runner] Could not parse the argument value '' for StartupType. Defaulting to Manual
[2025-04-28 10:14:18Z INFO Runner] Set runner startup type - Manual
[2025-04-28 10:14:18Z INFO CommandSettings] Flag 'once': 'False'
[2025-04-28 10:14:18Z INFO CommandSettings] Flag 'once': 'False'
[2025-04-28 10:14:18Z INFO Runner] RunAsync
[2025-04-28 10:14:18Z INFO ConfigurationManager] LoadSettings
[2025-04-28 10:14:18Z INFO ConfigurationStore] IsConfigured()
[2025-04-28 10:14:18Z INFO ConfigurationStore] IsConfigured: True
[2025-04-28 10:14:18Z INFO ConfigurationManager] Is configured: True
[2025-04-28 10:14:18Z INFO ConfigurationManager] Settings Loaded
[2025-04-28 10:14:18Z INFO MessageListener] {
  "AgentId": 2,
  "AgentName": "Bens-MacBook-Air",
  "PoolId": 1,
  "PoolName": "Default",
  "ServerUrl": "https://pipelinesghubeus14.actions.githubusercontent.com/WYKmKRhCacfamtz6DATDmRceG70Rtch8YA5cI5eCE6teJydCKa/",
  "GitHubUrl": "https://github.com/BRLiquibase/GithubActions",
  "WorkFolder": "_work"
}
[2025-04-28 10:14:18Z INFO MessageListener] Loading Credentials
[2025-04-28 10:14:18Z INFO ConfigurationStore] HasCredentials()
[2025-04-28 10:14:18Z INFO ConfigurationStore] stored True
[2025-04-28 10:14:18Z INFO CredentialManager] GetCredentialProvider
[2025-04-28 10:14:18Z INFO CredentialManager] Creating type OAuth
[2025-04-28 10:14:18Z INFO CredentialManager] Creating credential type: OAuth
[2025-04-28 10:14:18Z INFO HostContext] Well known directory 'Bin': '/Users/benriley/Documents/GitHub/GithubActions/actions-runner/bin'
[2025-04-28 10:14:18Z INFO HostContext] Well known directory 'Root': '/Users/benriley/Documents/GitHub/GithubActions/actions-runner'
[2025-04-28 10:14:18Z INFO HostContext] Well known config file 'RSACredentials': '/Users/benriley/Documents/GitHub/GithubActions/actions-runner/.credentials_rsaparams'
[2025-04-28 10:14:18Z INFO RSAFileKeyManager] Loading RSA key parameters from file /Users/benriley/Documents/GitHub/GithubActions/actions-runner/.credentials_rsaparams
[2025-04-28 10:14:18Z INFO MessageListener] Attempt to create session.
[2025-04-28 10:14:18Z INFO MessageListener] Connecting to the Runner Server...
[2025-04-28 10:14:18Z INFO RunnerServer] EstablishVssConnection
[2025-04-28 10:14:19Z INFO RunnerServer] Establish connection with 100 seconds timeout.
[2025-04-28 10:14:19Z INFO GitHubActionsService] Starting operation Location.GetConnectionData
[2025-04-28 10:14:19Z INFO RunnerServer] EstablishVssConnection
[2025-04-28 10:14:19Z INFO RunnerServer] Establish connection with 60 seconds timeout.
[2025-04-28 10:14:19Z INFO GitHubActionsService] Starting operation Location.GetConnectionData
[2025-04-28 10:14:19Z INFO RunnerServer] EstablishVssConnection
[2025-04-28 10:14:19Z INFO RunnerServer] Establish connection with 60 seconds timeout.
[2025-04-28 10:14:19Z INFO GitHubActionsService] Starting operation Location.GetConnectionData
[2025-04-28 10:14:19Z INFO GitHubActionsService] Finished operation Location.GetConnectionData
[2025-04-28 10:14:19Z INFO GitHubActionsService] Finished operation Location.GetConnectionData
[2025-04-28 10:14:19Z INFO GitHubActionsService] Finished operation Location.GetConnectionData
[2025-04-28 10:14:20Z INFO MessageListener] VssConnection created
[2025-04-28 10:14:20Z INFO Terminal] WRITE LINE: 
[2025-04-28 10:14:20Z INFO Terminal] WRITE LINE: 
[2025-04-28 10:14:20Z INFO RSAFileKeyManager] Loading RSA key parameters from file /Users/benriley/Documents/GitHub/GithubActions/actions-runner/.credentials_rsaparams
[2025-04-28 10:14:20Z INFO RSAFileKeyManager] Loading RSA key parameters from file /Users/benriley/Documents/GitHub/GithubActions/actions-runner/.credentials_rsaparams
[2025-04-28 10:14:20Z INFO GitHubActionsService] AAD Correlation ID for this token request: Unknown
[2025-04-28 10:14:21Z INFO MessageListener] Session created.
[2025-04-28 10:14:21Z INFO Terminal] WRITE LINE: Current runner version: '2.323.0'
[2025-04-28 10:14:21Z INFO Terminal] WRITE LINE: 2025-04-28 10:14:21Z: Listening for Jobs
[2025-04-28 10:14:21Z INFO JobDispatcher] Set runner/worker IPC timeout to 30 seconds.
[2025-04-28 10:14:21Z INFO RSAFileKeyManager] Loading RSA key parameters from file /Users/benriley/Documents/GitHub/GithubActions/actions-runner/.credentials_rsaparams
[2025-04-28 10:14:21Z INFO GitHubActionsService] AAD Correlation ID for this token request: Unknown
[2025-04-28 10:44:37Z INFO MessageListener] No message retrieved from session '4fec3a46-4865-42cc-aeed-0c281b743603' within last 30 minutes.
[2025-04-28 11:04:46Z INFO RSAFileKeyManager] Loading RSA key parameters from file /Users/benriley/Documents/GitHub/GithubActions/actions-runner/.credentials_rsaparams
[2025-04-28 11:04:46Z INFO GitHubActionsService] AAD Correlation ID for this token request: Unknown
[2025-04-28 11:09:34Z INFO MessageListener] Message '4092302200973984983' received from session '4fec3a46-4865-42cc-aeed-0c281b743603'.
[2025-04-28 11:09:34Z INFO ConfigurationStore] HasCredentials()
[2025-04-28 11:09:34Z INFO ConfigurationStore] stored True
[2025-04-28 11:09:34Z INFO CredentialManager] GetCredentialProvider
[2025-04-28 11:09:34Z INFO CredentialManager] Creating type OAuth
[2025-04-28 11:09:34Z INFO CredentialManager] Creating credential type: OAuth
[2025-04-28 11:09:34Z INFO RSAFileKeyManager] Loading RSA key parameters from file /Users/benriley/Documents/GitHub/GithubActions/actions-runner/.credentials_rsaparams
[2025-04-28 11:09:34Z INFO RSAFileKeyManager] Loading RSA key parameters from file /Users/benriley/Documents/GitHub/GithubActions/actions-runner/.credentials_rsaparams
[2025-04-28 11:09:34Z INFO RSAFileKeyManager] Loading RSA key parameters from file /Users/benriley/Documents/GitHub/GithubActions/actions-runner/.credentials_rsaparams
[2025-04-28 11:09:35Z INFO GitHubActionsService] AAD Correlation ID for this token request: Unknown
[2025-04-28 11:09:36Z INFO JobDispatcher] Job request 0 for plan f63e389a-8509-4c30-a912-5a199602224a job 93eaedd3-8806-59fd-834a-14be75dfc1f0 received.
[2025-04-28 11:09:36Z INFO MessageListener] Received job status event. JobState: Busy
[2025-04-28 11:09:36Z INFO MessageListener] _getMessagesTokenSource is already disposed.
[2025-04-28 11:09:36Z INFO Terminal] WRITE LINE: 2025-04-28 11:09:36Z: Running job: liquibase-demo
[2025-04-28 11:09:36Z INFO JobDispatcher] Start renew job request 0 for job 93eaedd3-8806-59fd-834a-14be75dfc1f0.
[2025-04-28 11:09:36Z INFO RSAFileKeyManager] Loading RSA key parameters from file /Users/benriley/Documents/GitHub/GithubActions/actions-runner/.credentials_rsaparams
[2025-04-28 11:09:36Z INFO JobDispatcher] Successfully renew job 93eaedd3-8806-59fd-834a-14be75dfc1f0, job is valid till 4/28/2025 11:19:36 AM
[2025-04-28 11:09:36Z INFO HostContext] Well known directory 'Bin': '/Users/benriley/Documents/GitHub/GithubActions/actions-runner/bin'
[2025-04-28 11:09:36Z INFO ProcessInvokerWrapper] Starting process:
[2025-04-28 11:09:36Z INFO ProcessInvokerWrapper]   File name: '/Users/benriley/Documents/GitHub/GithubActions/actions-runner/bin/Runner.Worker'
[2025-04-28 11:09:36Z INFO ProcessInvokerWrapper]   Arguments: 'spawnclient 151 154'
[2025-04-28 11:09:36Z INFO ProcessInvokerWrapper]   Working directory: '/Users/benriley/Documents/GitHub/GithubActions/actions-runner/bin'
[2025-04-28 11:09:36Z INFO ProcessInvokerWrapper]   Require exit code zero: 'False'
[2025-04-28 11:09:36Z INFO ProcessInvokerWrapper]   Encoding web name:  ; code page: ''
[2025-04-28 11:09:36Z INFO ProcessInvokerWrapper]   Force kill process on cancellation: 'True'
[2025-04-28 11:09:36Z INFO ProcessInvokerWrapper]   Redirected STDIN: 'False'
[2025-04-28 11:09:36Z INFO ProcessInvokerWrapper]   Persist current code page: 'False'
[2025-04-28 11:09:36Z INFO ProcessInvokerWrapper]   Keep redirected STDIN open: 'False'
[2025-04-28 11:09:36Z INFO ProcessInvokerWrapper]   High priority process: 'True'
[2025-04-28 11:09:37Z INFO GitHubActionsService] AAD Correlation ID for this token request: Unknown
[2025-04-28 11:09:37Z INFO ProcessInvokerWrapper] Process started with process id 8794, waiting for process exit.
[2025-04-28 11:09:37Z INFO JobDispatcher] Send job request message to worker for job 93eaedd3-8806-59fd-834a-14be75dfc1f0.
[2025-04-28 11:09:37Z INFO ProcessChannel] Sending message of length 19300, with hash '1a2dbfb505717829a0a9142d5c25190b5f5f1ae8202b4f16be6bb47d24a5b125'
[2025-04-28 11:09:37Z INFO JobNotification] Entering JobStarted Notification
[2025-04-28 11:09:37Z INFO JobNotification] Entering StartMonitor
[2025-04-28 11:10:37Z INFO JobDispatcher] Successfully renew job 93eaedd3-8806-59fd-834a-14be75dfc1f0, job is valid till 4/28/2025 11:20:37 AM
[2025-04-28 11:10:38Z INFO ProcessInvokerWrapper] STDOUT/STDERR stream read finished.
[2025-04-28 11:10:38Z INFO ProcessInvokerWrapper] STDOUT/STDERR stream read finished.
[2025-04-28 11:10:38Z INFO ProcessInvokerWrapper] Finished process 8794 with exit code 102, and elapsed time 00:01:01.5863276.
[2025-04-28 11:10:38Z INFO JobDispatcher] Worker finished for job 93eaedd3-8806-59fd-834a-14be75dfc1f0. Code: 102
[2025-04-28 11:10:38Z INFO JobDispatcher] finish job request for job 93eaedd3-8806-59fd-834a-14be75dfc1f0 with result: Failed
[2025-04-28 11:10:38Z INFO Terminal] WRITE LINE: 2025-04-28 11:10:38Z: Job liquibase-demo completed with result: Failed
[2025-04-28 11:10:38Z INFO JobDispatcher] Stop renew job request for job 93eaedd3-8806-59fd-834a-14be75dfc1f0.
[2025-04-28 11:10:38Z INFO JobDispatcher] job renew has been cancelled, stop renew job 93eaedd3-8806-59fd-834a-14be75dfc1f0.
[2025-04-28 11:10:38Z INFO JobNotification] Entering JobCompleted Notification
[2025-04-28 11:10:38Z INFO JobNotification] Entering EndMonitor
[2025-04-28 11:10:38Z INFO MessageListener] Received job status event. JobState: Online
[2025-04-28 11:23:34Z INFO MessageListener] Message '1895183394729136412' received from session '4fec3a46-4865-42cc-aeed-0c281b743603'.
[2025-04-28 11:23:34Z INFO ConfigurationStore] HasCredentials()
[2025-04-28 11:23:34Z INFO ConfigurationStore] stored True
[2025-04-28 11:23:34Z INFO CredentialManager] GetCredentialProvider
[2025-04-28 11:23:34Z INFO CredentialManager] Creating type OAuth
[2025-04-28 11:23:34Z INFO CredentialManager] Creating credential type: OAuth
[2025-04-28 11:23:34Z INFO RSAFileKeyManager] Loading RSA key parameters from file /Users/benriley/Documents/GitHub/GithubActions/actions-runner/.credentials_rsaparams
[2025-04-28 11:23:34Z INFO RSAFileKeyManager] Loading RSA key parameters from file /Users/benriley/Documents/GitHub/GithubActions/actions-runner/.credentials_rsaparams
[2025-04-28 11:23:34Z INFO RSAFileKeyManager] Loading RSA key parameters from file /Users/benriley/Documents/GitHub/GithubActions/actions-runner/.credentials_rsaparams
[2025-04-28 11:23:35Z INFO GitHubActionsService] AAD Correlation ID for this token request: Unknown
[2025-04-28 11:23:36Z INFO JobDispatcher] Job request 0 for plan b5ec3ba9-1434-4f84-81ec-7a12b51d18ae job 3c373d5f-55f0-5670-a210-7e4e942d02ce received.
[2025-04-28 11:23:36Z INFO MessageListener] Received job status event. JobState: Busy
[2025-04-28 11:23:36Z INFO MessageListener] _getMessagesTokenSource is already disposed.
[2025-04-28 11:23:36Z INFO JobDispatcher] Job request 93eaedd3-8806-59fd-834a-14be75dfc1f0 processed succeed.
[2025-04-28 11:23:36Z INFO Terminal] WRITE LINE: 2025-04-28 11:23:36Z: Running job: liquibase-demo
[2025-04-28 11:23:36Z INFO JobDispatcher] Start renew job request 0 for job 3c373d5f-55f0-5670-a210-7e4e942d02ce.
[2025-04-28 11:23:36Z INFO JobDispatcher] Successfully renew job 3c373d5f-55f0-5670-a210-7e4e942d02ce, job is valid till 4/28/2025 11:33:36 AM
[2025-04-28 11:23:36Z INFO HostContext] Well known directory 'Bin': '/Users/benriley/Documents/GitHub/GithubActions/actions-runner/bin'
[2025-04-28 11:23:36Z INFO ProcessInvokerWrapper] Starting process:
[2025-04-28 11:23:36Z INFO ProcessInvokerWrapper]   File name: '/Users/benriley/Documents/GitHub/GithubActions/actions-runner/bin/Runner.Worker'
[2025-04-28 11:23:36Z INFO ProcessInvokerWrapper]   Arguments: 'spawnclient 146 153'
[2025-04-28 11:23:36Z INFO ProcessInvokerWrapper]   Working directory: '/Users/benriley/Documents/GitHub/GithubActions/actions-runner/bin'
[2025-04-28 11:23:36Z INFO ProcessInvokerWrapper]   Require exit code zero: 'False'
[2025-04-28 11:23:36Z INFO ProcessInvokerWrapper]   Encoding web name:  ; code page: ''
[2025-04-28 11:23:36Z INFO ProcessInvokerWrapper]   Force kill process on cancellation: 'True'
[2025-04-28 11:23:36Z INFO ProcessInvokerWrapper]   Redirected STDIN: 'False'
[2025-04-28 11:23:36Z INFO ProcessInvokerWrapper]   Persist current code page: 'False'
[2025-04-28 11:23:36Z INFO ProcessInvokerWrapper]   Keep redirected STDIN open: 'False'
[2025-04-28 11:23:36Z INFO ProcessInvokerWrapper]   High priority process: 'True'
[2025-04-28 11:23:36Z INFO ProcessInvokerWrapper] Process started with process id 11375, waiting for process exit.
[2025-04-28 11:23:36Z INFO JobDispatcher] Send job request message to worker for job 3c373d5f-55f0-5670-a210-7e4e942d02ce.
[2025-04-28 11:23:36Z INFO ProcessChannel] Sending message of length 19313, with hash '62e8fe67a0cf88ab06e12cef09b725d67609a57156375a8989a9822af30cc403'
[2025-04-28 11:23:36Z INFO JobNotification] Entering JobStarted Notification
[2025-04-28 11:23:36Z INFO JobNotification] Entering StartMonitor
[2025-04-28 11:24:03Z INFO ProcessInvokerWrapper] STDOUT/STDERR stream read finished.
[2025-04-28 11:24:03Z INFO ProcessInvokerWrapper] STDOUT/STDERR stream read finished.
[2025-04-28 11:24:03Z INFO ProcessInvokerWrapper] Finished process 11375 with exit code 102, and elapsed time 00:00:26.3264013.
[2025-04-28 11:24:03Z INFO JobDispatcher] Worker finished for job 3c373d5f-55f0-5670-a210-7e4e942d02ce. Code: 102
[2025-04-28 11:24:03Z INFO JobDispatcher] finish job request for job 3c373d5f-55f0-5670-a210-7e4e942d02ce with result: Failed
[2025-04-28 11:24:03Z INFO Terminal] WRITE LINE: 2025-04-28 11:24:03Z: Job liquibase-demo completed with result: Failed
[2025-04-28 11:24:03Z INFO JobDispatcher] Stop renew job request for job 3c373d5f-55f0-5670-a210-7e4e942d02ce.
[2025-04-28 11:24:03Z INFO JobDispatcher] job renew has been cancelled, stop renew job 3c373d5f-55f0-5670-a210-7e4e942d02ce.
[2025-04-28 11:24:03Z INFO JobNotification] Entering JobCompleted Notification
[2025-04-28 11:24:03Z INFO JobNotification] Entering EndMonitor
[2025-04-28 11:24:03Z INFO MessageListener] Received job status event. JobState: Online
