[2025-04-28 11:15:01Z INFO HostContext] No proxy settings were found based on environmental variables (http_proxy/https_proxy/HTTP_PROXY/HTTPS_PROXY)
[2025-04-28 11:15:01Z INFO HostContext] Well known directory 'Bin': '/Users/benriley/Documents/GitHub/GithubActions/actions-runner/bin'
[2025-04-28 11:15:01Z INFO HostContext] Well known directory 'Root': '/Users/benriley/Documents/GitHub/GithubActions/actions-runner'
[2025-04-28 11:15:01Z INFO HostContext] Well known config file 'Credentials': '/Users/benriley/Documents/GitHub/GithubActions/actions-runner/.credentials'
[2025-04-28 11:15:01Z INFO HostContext] Well known directory 'Bin': '/Users/benriley/Documents/GitHub/GithubActions/actions-runner/bin'
[2025-04-28 11:15:01Z INFO HostContext] Well known directory 'Root': '/Users/benriley/Documents/GitHub/GithubActions/actions-runner'
[2025-04-28 11:15:01Z INFO HostContext] Well known config file 'Runner': '/Users/benriley/Documents/GitHub/GithubActions/actions-runner/.runner'
[2025-04-28 11:15:01Z INFO Listener] Runner is built for OSX (X64) - osx-x64.
[2025-04-28 11:15:01Z INFO Listener] RuntimeInformation: Darwin 24.2.0 Darwin Kernel Version 24.2.0: Fri Dec  6 19:00:33 PST 2024; root:xnu-11215.61.5~2/RELEASE_ARM64_T8122.
[2025-04-28 11:15:01Z INFO Listener] Version: 2.323.0
[2025-04-28 11:15:01Z INFO Listener] Commit: d8b82f44a9ec0258904d5869ae683c31d5aac299
[2025-04-28 11:15:01Z INFO Listener] Culture: en-US
[2025-04-28 11:15:01Z INFO Listener] UI Culture: en-US
[2025-04-28 11:15:01Z INFO HostContext] Well known directory 'Bin': '/Users/benriley/Documents/GitHub/GithubActions/actions-runner/bin'
[2025-04-28 11:15:01Z INFO HostContext] Well known directory 'Root': '/Users/benriley/Documents/GitHub/GithubActions/actions-runner'
[2025-04-28 11:15:01Z INFO Listener] Validating directory permissions for: '/Users/benriley/Documents/GitHub/GithubActions/actions-runner'
[2025-04-28 11:15:01Z INFO CommandLineParser] Parse
[2025-04-28 11:15:01Z INFO CommandLineParser] Parsing 1 args
[2025-04-28 11:15:01Z INFO CommandLineParser] parsing argument
[2025-04-28 11:15:01Z INFO CommandLineParser] HasArgs: False
[2025-04-28 11:15:01Z INFO CommandLineParser] Adding Command: run
[2025-04-28 11:15:01Z INFO Listener] Arguments parsed
[2025-04-28 11:15:01Z INFO Runner] ExecuteCommand
[2025-04-28 11:15:01Z INFO ConfigurationStore] currentAssemblyLocation: /Users/benriley/Documents/GitHub/GithubActions/actions-runner/bin/Runner.Listener.dll
[2025-04-28 11:15:01Z INFO HostContext] Well known directory 'Bin': '/Users/benriley/Documents/GitHub/GithubActions/actions-runner/bin'
[2025-04-28 11:15:01Z INFO ConfigurationStore] binPath: /Users/benriley/Documents/GitHub/GithubActions/actions-runner/bin
[2025-04-28 11:15:01Z INFO HostContext] Well known directory 'Bin': '/Users/benriley/Documents/GitHub/GithubActions/actions-runner/bin'
[2025-04-28 11:15:01Z INFO HostContext] Well known directory 'Root': '/Users/benriley/Documents/GitHub/GithubActions/actions-runner'
[2025-04-28 11:15:01Z INFO ConfigurationStore] RootFolder: /Users/benriley/Documents/GitHub/GithubActions/actions-runner
[2025-04-28 11:15:01Z INFO HostContext] Well known directory 'Bin': '/Users/benriley/Documents/GitHub/GithubActions/actions-runner/bin'
[2025-04-28 11:15:01Z INFO HostContext] Well known directory 'Root': '/Users/benriley/Documents/GitHub/GithubActions/actions-runner'
[2025-04-28 11:15:01Z INFO HostContext] Well known config file 'Runner': '/Users/benriley/Documents/GitHub/GithubActions/actions-runner/.runner'
[2025-04-28 11:15:01Z INFO ConfigurationStore] ConfigFilePath: /Users/benriley/Documents/GitHub/GithubActions/actions-runner/.runner
[2025-04-28 11:15:01Z INFO HostContext] Well known directory 'Bin': '/Users/benriley/Documents/GitHub/GithubActions/actions-runner/bin'
[2025-04-28 11:15:01Z INFO HostContext] Well known directory 'Root': '/Users/benriley/Documents/GitHub/GithubActions/actions-runner'
[2025-04-28 11:15:01Z INFO HostContext] Well known config file 'MigratedRunner': '/Users/benriley/Documents/GitHub/GithubActions/actions-runner/.runner_migrated'
[2025-04-28 11:15:01Z INFO ConfigurationStore] MigratedConfigFilePath: /Users/benriley/Documents/GitHub/GithubActions/actions-runner/.runner_migrated
[2025-04-28 11:15:01Z INFO HostContext] Well known directory 'Bin': '/Users/benriley/Documents/GitHub/GithubActions/actions-runner/bin'
[2025-04-28 11:15:01Z INFO HostContext] Well known directory 'Root': '/Users/benriley/Documents/GitHub/GithubActions/actions-runner'
[2025-04-28 11:15:01Z INFO HostContext] Well known config file 'Credentials': '/Users/benriley/Documents/GitHub/GithubActions/actions-runner/.credentials'
[2025-04-28 11:15:01Z INFO ConfigurationStore] CredFilePath: /Users/benriley/Documents/GitHub/GithubActions/actions-runner/.credentials
[2025-04-28 11:15:01Z INFO HostContext] Well known directory 'Bin': '/Users/benriley/Documents/GitHub/GithubActions/actions-runner/bin'
[2025-04-28 11:15:01Z INFO HostContext] Well known directory 'Root': '/Users/benriley/Documents/GitHub/GithubActions/actions-runner'
[2025-04-28 11:15:01Z INFO HostContext] Well known config file 'MigratedCredentials': '/Users/benriley/Documents/GitHub/GithubActions/actions-runner/.credentials_migrated'
[2025-04-28 11:15:01Z INFO ConfigurationStore] MigratedCredFilePath: /Users/benriley/Documents/GitHub/GithubActions/actions-runner/.credentials_migrated
[2025-04-28 11:15:01Z INFO HostContext] Well known directory 'Bin': '/Users/benriley/Documents/GitHub/GithubActions/actions-runner/bin'
[2025-04-28 11:15:01Z INFO HostContext] Well known directory 'Root': '/Users/benriley/Documents/GitHub/GithubActions/actions-runner'
[2025-04-28 11:15:01Z INFO HostContext] Well known config file 'Service': '/Users/benriley/Documents/GitHub/GithubActions/actions-runner/.service'
[2025-04-28 11:15:01Z INFO ConfigurationStore] ServiceConfigFilePath: /Users/benriley/Documents/GitHub/GithubActions/actions-runner/.service
[2025-04-28 11:15:01Z INFO CommandSettings] Flag 'help': 'False'
[2025-04-28 11:15:01Z INFO CommandSettings] Flag 'version': 'False'
[2025-04-28 11:15:01Z INFO CommandSettings] Flag 'commit': 'False'
[2025-04-28 11:15:01Z INFO CommandSettings] Flag 'check': 'False'
[2025-04-28 11:15:01Z INFO CommandSettings] Command 'configure': 'False'
[2025-04-28 11:15:01Z INFO CommandSettings] Command 'remove': 'False'
[2025-04-28 11:15:01Z INFO CommandSettings] Command 'warmup': 'False'
[2025-04-28 11:15:01Z INFO ConfigurationManager] LoadSettings
[2025-04-28 11:15:01Z INFO ConfigurationStore] IsConfigured()
[2025-04-28 11:15:01Z INFO ConfigurationStore] IsConfigured: True
[2025-04-28 11:15:01Z INFO ConfigurationManager] Is configured: True
[2025-04-28 11:15:01Z INFO ConfigurationStore] Read setting file: 308 chars
[2025-04-28 11:15:01Z INFO ConfigurationManager] Settings Loaded
[2025-04-28 11:15:01Z INFO ConfigurationStore] IsServiceConfigured()
[2025-04-28 11:15:01Z INFO ConfigurationStore] IsServiceConfigured: False
[2025-04-28 11:15:01Z INFO CommandSettings] Command 'run': 'True'
[2025-04-28 11:15:01Z INFO ConfigurationStore] IsConfigured()
[2025-04-28 11:15:01Z INFO ConfigurationStore] IsConfigured: True
[2025-04-28 11:15:01Z INFO ConfigurationManager] Is configured: True
[2025-04-28 11:15:01Z INFO Runner] Could not parse the argument value '' for StartupType. Defaulting to Manual
[2025-04-28 11:15:01Z INFO Runner] Set runner startup type - Manual
[2025-04-28 11:15:01Z INFO CommandSettings] Flag 'once': 'False'
[2025-04-28 11:15:01Z INFO CommandSettings] Flag 'once': 'False'
[2025-04-28 11:15:01Z INFO Runner] RunAsync
[2025-04-28 11:15:01Z INFO ConfigurationManager] LoadSettings
[2025-04-28 11:15:01Z INFO ConfigurationStore] IsConfigured()
[2025-04-28 11:15:01Z INFO ConfigurationStore] IsConfigured: True
[2025-04-28 11:15:01Z INFO ConfigurationManager] Is configured: True
[2025-04-28 11:15:01Z INFO ConfigurationManager] Settings Loaded
[2025-04-28 11:15:01Z INFO MessageListener] {
  "AgentId": 2,
  "AgentName": "Bens-MacBook-Air",
  "PoolId": 1,
  "PoolName": "Default",
  "ServerUrl": "https://pipelinesghubeus14.actions.githubusercontent.com/WYKmKRhCacfamtz6DATDmRceG70Rtch8YA5cI5eCE6teJydCKa/",
  "GitHubUrl": "https://github.com/BRLiquibase/GithubActions",
  "WorkFolder": "_work"
}
[2025-04-28 11:15:01Z INFO MessageListener] Loading Credentials
[2025-04-28 11:15:01Z INFO ConfigurationStore] HasCredentials()
[2025-04-28 11:15:01Z INFO ConfigurationStore] stored True
[2025-04-28 11:15:01Z INFO CredentialManager] GetCredentialProvider
[2025-04-28 11:15:01Z INFO CredentialManager] Creating type OAuth
[2025-04-28 11:15:01Z INFO CredentialManager] Creating credential type: OAuth
[2025-04-28 11:15:01Z INFO HostContext] Well known directory 'Bin': '/Users/benriley/Documents/GitHub/GithubActions/actions-runner/bin'
[2025-04-28 11:15:01Z INFO HostContext] Well known directory 'Root': '/Users/benriley/Documents/GitHub/GithubActions/actions-runner'
[2025-04-28 11:15:01Z INFO HostContext] Well known config file 'RSACredentials': '/Users/benriley/Documents/GitHub/GithubActions/actions-runner/.credentials_rsaparams'
[2025-04-28 11:15:01Z INFO RSAFileKeyManager] Loading RSA key parameters from file /Users/benriley/Documents/GitHub/GithubActions/actions-runner/.credentials_rsaparams
[2025-04-28 11:15:01Z INFO MessageListener] Attempt to create session.
[2025-04-28 11:15:01Z INFO MessageListener] Connecting to the Runner Server...
[2025-04-28 11:15:01Z INFO RunnerServer] EstablishVssConnection
[2025-04-28 11:15:01Z INFO RunnerServer] Establish connection with 100 seconds timeout.
[2025-04-28 11:15:01Z INFO GitHubActionsService] Starting operation Location.GetConnectionData
[2025-04-28 11:15:01Z INFO RunnerServer] EstablishVssConnection
[2025-04-28 11:15:01Z INFO RunnerServer] Establish connection with 60 seconds timeout.
[2025-04-28 11:15:01Z INFO GitHubActionsService] Starting operation Location.GetConnectionData
[2025-04-28 11:15:01Z INFO RunnerServer] EstablishVssConnection
[2025-04-28 11:15:01Z INFO RunnerServer] Establish connection with 60 seconds timeout.
[2025-04-28 11:15:01Z INFO GitHubActionsService] Starting operation Location.GetConnectionData
[2025-04-28 11:15:02Z INFO GitHubActionsService] Finished operation Location.GetConnectionData
[2025-04-28 11:15:02Z INFO GitHubActionsService] Finished operation Location.GetConnectionData
[2025-04-28 11:15:02Z INFO GitHubActionsService] Finished operation Location.GetConnectionData
[2025-04-28 11:15:02Z INFO MessageListener] VssConnection created
[2025-04-28 11:15:02Z INFO Terminal] WRITE LINE: 
[2025-04-28 11:15:02Z INFO Terminal] WRITE LINE: 
[2025-04-28 11:15:03Z INFO RSAFileKeyManager] Loading RSA key parameters from file /Users/benriley/Documents/GitHub/GithubActions/actions-runner/.credentials_rsaparams
[2025-04-28 11:15:03Z INFO RSAFileKeyManager] Loading RSA key parameters from file /Users/benriley/Documents/GitHub/GithubActions/actions-runner/.credentials_rsaparams
[2025-04-28 11:15:03Z INFO GitHubActionsService] AAD Correlation ID for this token request: Unknown
[2025-04-28 11:15:03Z ERR  GitHubActionsService] POST request to https://pipelinesghubeus14.actions.githubusercontent.com/WYKmKRhCacfamtz6DATDmRceG70Rtch8YA5cI5eCE6teJydCKa/_apis/distributedtask/pools/1/sessions failed. HTTP Status: Conflict
[2025-04-28 11:15:03Z ERR  MessageListener] Catch exception during create session.
[2025-04-28 11:15:03Z ERR  MessageListener] GitHub.DistributedTask.WebApi.TaskAgentSessionConflictException: The actions runner Bens-MacBook-Air already has an active session.
   at GitHub.Services.WebApi.VssHttpClientBase.HandleResponseAsync(HttpResponseMessage response, CancellationToken cancellationToken)
   at GitHub.Services.WebApi.VssHttpClientBase.SendAsync(HttpRequestMessage message, HttpCompletionOption completionOption, Object userState, CancellationToken cancellationToken)
   at GitHub.Services.WebApi.VssHttpClientBase.SendAsync[T](HttpRequestMessage message, Object userState, CancellationToken cancellationToken)
   at GitHub.Services.WebApi.VssHttpClientBase.SendAsync[T](HttpMethod method, IEnumerable`1 additionalHeaders, Guid locationId, Object routeValues, ApiResourceVersion version, HttpContent content, IEnumerable`1 queryParameters, Object userState, CancellationToken cancellationToken)
   at GitHub.Runner.Listener.MessageListener.CreateSessionAsync(CancellationToken token)
[2025-04-28 11:15:03Z INFO MessageListener] The session for this runner already exists.
[2025-04-28 11:15:03Z ERR  Terminal] WRITE ERROR: A session for this runner already exists.
[2025-04-28 11:15:03Z INFO MessageListener] The session conflict exception haven't reached retry limit.
[2025-04-28 11:15:03Z ERR  Terminal] WRITE ERROR: 2025-04-28 11:15:03Z: Runner connect error: The actions runner Bens-MacBook-Air already has an active session.. Retrying until reconnected.
[2025-04-28 11:15:03Z INFO MessageListener] Sleeping for 30 seconds before retrying.
[2025-04-28 11:15:33Z INFO MessageListener] Attempt to create session.
[2025-04-28 11:15:33Z INFO MessageListener] Connecting to the Runner Server...
[2025-04-28 11:15:33Z INFO RunnerServer] EstablishVssConnection
[2025-04-28 11:15:33Z INFO RunnerServer] Establish connection with 100 seconds timeout.
[2025-04-28 11:15:33Z INFO GitHubActionsService] Starting operation Location.GetConnectionData
[2025-04-28 11:15:33Z INFO RunnerServer] EstablishVssConnection
[2025-04-28 11:15:33Z INFO RunnerServer] Establish connection with 60 seconds timeout.
[2025-04-28 11:15:33Z INFO GitHubActionsService] Starting operation Location.GetConnectionData
[2025-04-28 11:15:33Z INFO RunnerServer] EstablishVssConnection
[2025-04-28 11:15:33Z INFO RunnerServer] Establish connection with 60 seconds timeout.
[2025-04-28 11:15:33Z INFO GitHubActionsService] Starting operation Location.GetConnectionData
[2025-04-28 11:15:34Z INFO GitHubActionsService] Finished operation Location.GetConnectionData
[2025-04-28 11:15:34Z INFO GitHubActionsService] Finished operation Location.GetConnectionData
[2025-04-28 11:15:34Z INFO GitHubActionsService] Finished operation Location.GetConnectionData
[2025-04-28 11:15:34Z INFO MessageListener] VssConnection created
[2025-04-28 11:15:34Z INFO Terminal] WRITE LINE: 
[2025-04-28 11:15:34Z INFO Terminal] WRITE LINE: 
[2025-04-28 11:15:34Z ERR  GitHubActionsService] POST request to https://pipelinesghubeus14.actions.githubusercontent.com/WYKmKRhCacfamtz6DATDmRceG70Rtch8YA5cI5eCE6teJydCKa/_apis/distributedtask/pools/1/sessions failed. HTTP Status: Conflict
[2025-04-28 11:15:34Z ERR  MessageListener] Catch exception during create session.
[2025-04-28 11:15:34Z ERR  MessageListener] GitHub.DistributedTask.WebApi.TaskAgentSessionConflictException: The actions runner Bens-MacBook-Air already has an active session.
   at GitHub.Services.WebApi.VssHttpClientBase.HandleResponseAsync(HttpResponseMessage response, CancellationToken cancellationToken)
   at GitHub.Services.WebApi.VssHttpClientBase.SendAsync(HttpRequestMessage message, HttpCompletionOption completionOption, Object userState, CancellationToken cancellationToken)
   at GitHub.Services.WebApi.VssHttpClientBase.SendAsync[T](HttpRequestMessage message, Object userState, CancellationToken cancellationToken)
   at GitHub.Services.WebApi.VssHttpClientBase.SendAsync[T](HttpMethod method, IEnumerable`1 additionalHeaders, Guid locationId, Object routeValues, ApiResourceVersion version, HttpContent content, IEnumerable`1 queryParameters, Object userState, CancellationToken cancellationToken)
   at GitHub.Runner.Listener.MessageListener.CreateSessionAsync(CancellationToken token)
[2025-04-28 11:15:34Z INFO MessageListener] The session for this runner already exists.
[2025-04-28 11:15:34Z ERR  Terminal] WRITE ERROR: A session for this runner already exists.
[2025-04-28 11:15:34Z INFO MessageListener] The session conflict exception haven't reached retry limit.
[2025-04-28 11:15:34Z INFO MessageListener] Sleeping for 30 seconds before retrying.
[2025-04-28 11:16:04Z INFO MessageListener] Attempt to create session.
[2025-04-28 11:16:04Z INFO MessageListener] Connecting to the Runner Server...
[2025-04-28 11:16:04Z INFO RunnerServer] EstablishVssConnection
[2025-04-28 11:16:04Z INFO RunnerServer] Establish connection with 100 seconds timeout.
[2025-04-28 11:16:04Z INFO GitHubActionsService] Starting operation Location.GetConnectionData
[2025-04-28 11:16:04Z INFO RunnerServer] EstablishVssConnection
[2025-04-28 11:16:04Z INFO RunnerServer] Establish connection with 60 seconds timeout.
[2025-04-28 11:16:04Z INFO GitHubActionsService] Starting operation Location.GetConnectionData
[2025-04-28 11:16:04Z INFO RunnerServer] EstablishVssConnection
[2025-04-28 11:16:04Z INFO RunnerServer] Establish connection with 60 seconds timeout.
[2025-04-28 11:16:04Z INFO GitHubActionsService] Starting operation Location.GetConnectionData
[2025-04-28 11:16:05Z INFO GitHubActionsService] Finished operation Location.GetConnectionData
[2025-04-28 11:16:05Z INFO GitHubActionsService] Finished operation Location.GetConnectionData
[2025-04-28 11:16:05Z INFO GitHubActionsService] Finished operation Location.GetConnectionData
[2025-04-28 11:16:05Z INFO MessageListener] VssConnection created
[2025-04-28 11:16:05Z INFO Terminal] WRITE LINE: 
[2025-04-28 11:16:05Z INFO Terminal] WRITE LINE: 
[2025-04-28 11:16:05Z ERR  GitHubActionsService] POST request to https://pipelinesghubeus14.actions.githubusercontent.com/WYKmKRhCacfamtz6DATDmRceG70Rtch8YA5cI5eCE6teJydCKa/_apis/distributedtask/pools/1/sessions failed. HTTP Status: Conflict
[2025-04-28 11:16:05Z ERR  MessageListener] Catch exception during create session.
[2025-04-28 11:16:05Z ERR  MessageListener] GitHub.DistributedTask.WebApi.TaskAgentSessionConflictException: The actions runner Bens-MacBook-Air already has an active session.
   at GitHub.Services.WebApi.VssHttpClientBase.HandleResponseAsync(HttpResponseMessage response, CancellationToken cancellationToken)
   at GitHub.Services.WebApi.VssHttpClientBase.SendAsync(HttpRequestMessage message, HttpCompletionOption completionOption, Object userState, CancellationToken cancellationToken)
   at GitHub.Services.WebApi.VssHttpClientBase.SendAsync[T](HttpRequestMessage message, Object userState, CancellationToken cancellationToken)
   at GitHub.Services.WebApi.VssHttpClientBase.SendAsync[T](HttpMethod method, IEnumerable`1 additionalHeaders, Guid locationId, Object routeValues, ApiResourceVersion version, HttpContent content, IEnumerable`1 queryParameters, Object userState, CancellationToken cancellationToken)
   at GitHub.Runner.Listener.MessageListener.CreateSessionAsync(CancellationToken token)
[2025-04-28 11:16:05Z INFO MessageListener] The session for this runner already exists.
[2025-04-28 11:16:05Z ERR  Terminal] WRITE ERROR: A session for this runner already exists.
[2025-04-28 11:16:05Z INFO MessageListener] The session conflict exception haven't reached retry limit.
[2025-04-28 11:16:05Z INFO MessageListener] Sleeping for 30 seconds before retrying.
[2025-04-28 11:16:35Z INFO MessageListener] Attempt to create session.
[2025-04-28 11:16:35Z INFO MessageListener] Connecting to the Runner Server...
[2025-04-28 11:16:35Z INFO RunnerServer] EstablishVssConnection
[2025-04-28 11:16:35Z INFO RunnerServer] Establish connection with 100 seconds timeout.
[2025-04-28 11:16:35Z INFO GitHubActionsService] Starting operation Location.GetConnectionData
[2025-04-28 11:16:35Z INFO RunnerServer] EstablishVssConnection
[2025-04-28 11:16:35Z INFO RunnerServer] Establish connection with 60 seconds timeout.
[2025-04-28 11:16:35Z INFO GitHubActionsService] Starting operation Location.GetConnectionData
[2025-04-28 11:16:35Z INFO RunnerServer] EstablishVssConnection
[2025-04-28 11:16:35Z INFO RunnerServer] Establish connection with 60 seconds timeout.
[2025-04-28 11:16:35Z INFO GitHubActionsService] Starting operation Location.GetConnectionData
[2025-04-28 11:16:35Z INFO GitHubActionsService] Finished operation Location.GetConnectionData
[2025-04-28 11:16:35Z INFO GitHubActionsService] Finished operation Location.GetConnectionData
[2025-04-28 11:16:35Z INFO GitHubActionsService] Finished operation Location.GetConnectionData
[2025-04-28 11:16:36Z INFO MessageListener] VssConnection created
[2025-04-28 11:16:36Z INFO Terminal] WRITE LINE: 
[2025-04-28 11:16:36Z INFO Terminal] WRITE LINE: 
[2025-04-28 11:16:36Z ERR  GitHubActionsService] POST request to https://pipelinesghubeus14.actions.githubusercontent.com/WYKmKRhCacfamtz6DATDmRceG70Rtch8YA5cI5eCE6teJydCKa/_apis/distributedtask/pools/1/sessions failed. HTTP Status: Conflict
[2025-04-28 11:16:36Z ERR  MessageListener] Catch exception during create session.
[2025-04-28 11:16:36Z ERR  MessageListener] GitHub.DistributedTask.WebApi.TaskAgentSessionConflictException: The actions runner Bens-MacBook-Air already has an active session.
   at GitHub.Services.WebApi.VssHttpClientBase.HandleResponseAsync(HttpResponseMessage response, CancellationToken cancellationToken)
   at GitHub.Services.WebApi.VssHttpClientBase.SendAsync(HttpRequestMessage message, HttpCompletionOption completionOption, Object userState, CancellationToken cancellationToken)
   at GitHub.Services.WebApi.VssHttpClientBase.SendAsync[T](HttpRequestMessage message, Object userState, CancellationToken cancellationToken)
   at GitHub.Services.WebApi.VssHttpClientBase.SendAsync[T](HttpMethod method, IEnumerable`1 additionalHeaders, Guid locationId, Object routeValues, ApiResourceVersion version, HttpContent content, IEnumerable`1 queryParameters, Object userState, CancellationToken cancellationToken)
   at GitHub.Runner.Listener.MessageListener.CreateSessionAsync(CancellationToken token)
[2025-04-28 11:16:36Z INFO MessageListener] The session for this runner already exists.
[2025-04-28 11:16:36Z ERR  Terminal] WRITE ERROR: A session for this runner already exists.
[2025-04-28 11:16:36Z INFO MessageListener] The session conflict exception haven't reached retry limit.
[2025-04-28 11:16:36Z INFO MessageListener] Sleeping for 30 seconds before retrying.
[2025-04-28 11:17:06Z INFO MessageListener] Attempt to create session.
[2025-04-28 11:17:06Z INFO MessageListener] Connecting to the Runner Server...
[2025-04-28 11:17:06Z INFO RunnerServer] EstablishVssConnection
[2025-04-28 11:17:06Z INFO RunnerServer] Establish connection with 100 seconds timeout.
[2025-04-28 11:17:06Z INFO GitHubActionsService] Starting operation Location.GetConnectionData
[2025-04-28 11:17:06Z INFO RunnerServer] EstablishVssConnection
[2025-04-28 11:17:06Z INFO RunnerServer] Establish connection with 60 seconds timeout.
[2025-04-28 11:17:06Z INFO GitHubActionsService] Starting operation Location.GetConnectionData
[2025-04-28 11:17:06Z INFO RunnerServer] EstablishVssConnection
[2025-04-28 11:17:06Z INFO RunnerServer] Establish connection with 60 seconds timeout.
[2025-04-28 11:17:06Z INFO GitHubActionsService] Starting operation Location.GetConnectionData
[2025-04-28 11:17:06Z INFO GitHubActionsService] Finished operation Location.GetConnectionData
[2025-04-28 11:17:06Z INFO GitHubActionsService] Finished operation Location.GetConnectionData
[2025-04-28 11:17:06Z INFO GitHubActionsService] Finished operation Location.GetConnectionData
[2025-04-28 11:17:06Z INFO MessageListener] VssConnection created
[2025-04-28 11:17:06Z INFO Terminal] WRITE LINE: 
[2025-04-28 11:17:06Z INFO Terminal] WRITE LINE: 
[2025-04-28 11:17:07Z ERR  GitHubActionsService] POST request to https://pipelinesghubeus14.actions.githubusercontent.com/WYKmKRhCacfamtz6DATDmRceG70Rtch8YA5cI5eCE6teJydCKa/_apis/distributedtask/pools/1/sessions failed. HTTP Status: Conflict
[2025-04-28 11:17:07Z ERR  MessageListener] Catch exception during create session.
[2025-04-28 11:17:07Z ERR  MessageListener] GitHub.DistributedTask.WebApi.TaskAgentSessionConflictException: The actions runner Bens-MacBook-Air already has an active session.
   at GitHub.Services.WebApi.VssHttpClientBase.HandleResponseAsync(HttpResponseMessage response, CancellationToken cancellationToken)
   at GitHub.Services.WebApi.VssHttpClientBase.SendAsync(HttpRequestMessage message, HttpCompletionOption completionOption, Object userState, CancellationToken cancellationToken)
   at GitHub.Services.WebApi.VssHttpClientBase.SendAsync[T](HttpRequestMessage message, Object userState, CancellationToken cancellationToken)
   at GitHub.Services.WebApi.VssHttpClientBase.SendAsync[T](HttpMethod method, IEnumerable`1 additionalHeaders, Guid locationId, Object routeValues, ApiResourceVersion version, HttpContent content, IEnumerable`1 queryParameters, Object userState, CancellationToken cancellationToken)
   at GitHub.Runner.Listener.MessageListener.CreateSessionAsync(CancellationToken token)
[2025-04-28 11:17:07Z INFO MessageListener] The session for this runner already exists.
[2025-04-28 11:17:07Z ERR  Terminal] WRITE ERROR: A session for this runner already exists.
[2025-04-28 11:17:07Z INFO MessageListener] The session conflict exception haven't reached retry limit.
[2025-04-28 11:17:07Z INFO MessageListener] Sleeping for 30 seconds before retrying.
[2025-04-28 11:17:37Z INFO MessageListener] Attempt to create session.
[2025-04-28 11:17:37Z INFO MessageListener] Connecting to the Runner Server...
[2025-04-28 11:17:37Z INFO RunnerServer] EstablishVssConnection
[2025-04-28 11:17:37Z INFO RunnerServer] Establish connection with 100 seconds timeout.
[2025-04-28 11:17:37Z INFO GitHubActionsService] Starting operation Location.GetConnectionData
[2025-04-28 11:17:37Z INFO RunnerServer] EstablishVssConnection
[2025-04-28 11:17:37Z INFO RunnerServer] Establish connection with 60 seconds timeout.
[2025-04-28 11:17:37Z INFO GitHubActionsService] Starting operation Location.GetConnectionData
[2025-04-28 11:17:37Z INFO RunnerServer] EstablishVssConnection
[2025-04-28 11:17:37Z INFO RunnerServer] Establish connection with 60 seconds timeout.
[2025-04-28 11:17:37Z INFO GitHubActionsService] Starting operation Location.GetConnectionData
[2025-04-28 11:17:37Z INFO GitHubActionsService] Finished operation Location.GetConnectionData
[2025-04-28 11:17:37Z INFO GitHubActionsService] Finished operation Location.GetConnectionData
[2025-04-28 11:17:37Z INFO GitHubActionsService] Finished operation Location.GetConnectionData
[2025-04-28 11:17:37Z INFO MessageListener] VssConnection created
[2025-04-28 11:17:37Z INFO Terminal] WRITE LINE: 
[2025-04-28 11:17:37Z INFO Terminal] WRITE LINE: 
[2025-04-28 11:17:37Z ERR  GitHubActionsService] POST request to https://pipelinesghubeus14.actions.githubusercontent.com/WYKmKRhCacfamtz6DATDmRceG70Rtch8YA5cI5eCE6teJydCKa/_apis/distributedtask/pools/1/sessions failed. HTTP Status: Conflict
[2025-04-28 11:17:37Z ERR  MessageListener] Catch exception during create session.
[2025-04-28 11:17:37Z ERR  MessageListener] GitHub.DistributedTask.WebApi.TaskAgentSessionConflictException: The actions runner Bens-MacBook-Air already has an active session.
   at GitHub.Services.WebApi.VssHttpClientBase.HandleResponseAsync(HttpResponseMessage response, CancellationToken cancellationToken)
   at GitHub.Services.WebApi.VssHttpClientBase.SendAsync(HttpRequestMessage message, HttpCompletionOption completionOption, Object userState, CancellationToken cancellationToken)
   at GitHub.Services.WebApi.VssHttpClientBase.SendAsync[T](HttpRequestMessage message, Object userState, CancellationToken cancellationToken)
   at GitHub.Services.WebApi.VssHttpClientBase.SendAsync[T](HttpMethod method, IEnumerable`1 additionalHeaders, Guid locationId, Object routeValues, ApiResourceVersion version, HttpContent content, IEnumerable`1 queryParameters, Object userState, CancellationToken cancellationToken)
   at GitHub.Runner.Listener.MessageListener.CreateSessionAsync(CancellationToken token)
[2025-04-28 11:17:37Z INFO MessageListener] The session for this runner already exists.
[2025-04-28 11:17:37Z ERR  Terminal] WRITE ERROR: A session for this runner already exists.
[2025-04-28 11:17:37Z INFO MessageListener] The session conflict exception haven't reached retry limit.
[2025-04-28 11:17:37Z INFO MessageListener] Sleeping for 30 seconds before retrying.
[2025-04-28 11:18:07Z INFO MessageListener] Attempt to create session.
[2025-04-28 11:18:07Z INFO MessageListener] Connecting to the Runner Server...
[2025-04-28 11:18:07Z INFO RunnerServer] EstablishVssConnection
[2025-04-28 11:18:07Z INFO RunnerServer] Establish connection with 100 seconds timeout.
[2025-04-28 11:18:07Z INFO GitHubActionsService] Starting operation Location.GetConnectionData
[2025-04-28 11:18:07Z INFO RunnerServer] EstablishVssConnection
[2025-04-28 11:18:07Z INFO RunnerServer] Establish connection with 60 seconds timeout.
[2025-04-28 11:18:07Z INFO GitHubActionsService] Starting operation Location.GetConnectionData
[2025-04-28 11:18:07Z INFO RunnerServer] EstablishVssConnection
[2025-04-28 11:18:07Z INFO RunnerServer] Establish connection with 60 seconds timeout.
[2025-04-28 11:18:07Z INFO GitHubActionsService] Starting operation Location.GetConnectionData
[2025-04-28 11:18:08Z INFO GitHubActionsService] Finished operation Location.GetConnectionData
[2025-04-28 11:18:08Z INFO GitHubActionsService] Finished operation Location.GetConnectionData
[2025-04-28 11:18:08Z INFO GitHubActionsService] Finished operation Location.GetConnectionData
[2025-04-28 11:18:08Z INFO MessageListener] VssConnection created
[2025-04-28 11:18:08Z INFO Terminal] WRITE LINE: 
[2025-04-28 11:18:08Z INFO Terminal] WRITE LINE: 
[2025-04-28 11:18:08Z ERR  GitHubActionsService] POST request to https://pipelinesghubeus14.actions.githubusercontent.com/WYKmKRhCacfamtz6DATDmRceG70Rtch8YA5cI5eCE6teJydCKa/_apis/distributedtask/pools/1/sessions failed. HTTP Status: Conflict
[2025-04-28 11:18:08Z ERR  MessageListener] Catch exception during create session.
[2025-04-28 11:18:08Z ERR  MessageListener] GitHub.DistributedTask.WebApi.TaskAgentSessionConflictException: The actions runner Bens-MacBook-Air already has an active session.
   at GitHub.Services.WebApi.VssHttpClientBase.HandleResponseAsync(HttpResponseMessage response, CancellationToken cancellationToken)
   at GitHub.Services.WebApi.VssHttpClientBase.SendAsync(HttpRequestMessage message, HttpCompletionOption completionOption, Object userState, CancellationToken cancellationToken)
   at GitHub.Services.WebApi.VssHttpClientBase.SendAsync[T](HttpRequestMessage message, Object userState, CancellationToken cancellationToken)
   at GitHub.Services.WebApi.VssHttpClientBase.SendAsync[T](HttpMethod method, IEnumerable`1 additionalHeaders, Guid locationId, Object routeValues, ApiResourceVersion version, HttpContent content, IEnumerable`1 queryParameters, Object userState, CancellationToken cancellationToken)
   at GitHub.Runner.Listener.MessageListener.CreateSessionAsync(CancellationToken token)
[2025-04-28 11:18:08Z INFO MessageListener] The session for this runner already exists.
[2025-04-28 11:18:08Z ERR  Terminal] WRITE ERROR: A session for this runner already exists.
[2025-04-28 11:18:08Z INFO MessageListener] The session conflict exception haven't reached retry limit.
[2025-04-28 11:18:08Z INFO MessageListener] Sleeping for 30 seconds before retrying.
[2025-04-28 11:18:38Z INFO MessageListener] Attempt to create session.
[2025-04-28 11:18:38Z INFO MessageListener] Connecting to the Runner Server...
[2025-04-28 11:18:38Z INFO RunnerServer] EstablishVssConnection
[2025-04-28 11:18:38Z INFO RunnerServer] Establish connection with 100 seconds timeout.
[2025-04-28 11:18:38Z INFO GitHubActionsService] Starting operation Location.GetConnectionData
[2025-04-28 11:18:38Z INFO RunnerServer] EstablishVssConnection
[2025-04-28 11:18:38Z INFO RunnerServer] Establish connection with 60 seconds timeout.
[2025-04-28 11:18:38Z INFO GitHubActionsService] Starting operation Location.GetConnectionData
[2025-04-28 11:18:38Z INFO RunnerServer] EstablishVssConnection
[2025-04-28 11:18:38Z INFO RunnerServer] Establish connection with 60 seconds timeout.
[2025-04-28 11:18:38Z INFO GitHubActionsService] Starting operation Location.GetConnectionData
[2025-04-28 11:18:38Z INFO GitHubActionsService] Finished operation Location.GetConnectionData
[2025-04-28 11:18:38Z INFO GitHubActionsService] Finished operation Location.GetConnectionData
[2025-04-28 11:18:38Z INFO GitHubActionsService] Finished operation Location.GetConnectionData
[2025-04-28 11:18:39Z INFO MessageListener] VssConnection created
[2025-04-28 11:18:39Z INFO Terminal] WRITE LINE: 
[2025-04-28 11:18:39Z INFO Terminal] WRITE LINE: 
[2025-04-28 11:18:39Z ERR  GitHubActionsService] POST request to https://pipelinesghubeus14.actions.githubusercontent.com/WYKmKRhCacfamtz6DATDmRceG70Rtch8YA5cI5eCE6teJydCKa/_apis/distributedtask/pools/1/sessions failed. HTTP Status: Conflict
[2025-04-28 11:18:39Z ERR  MessageListener] Catch exception during create session.
[2025-04-28 11:18:39Z ERR  MessageListener] GitHub.DistributedTask.WebApi.TaskAgentSessionConflictException: The actions runner Bens-MacBook-Air already has an active session.
   at GitHub.Services.WebApi.VssHttpClientBase.HandleResponseAsync(HttpResponseMessage response, CancellationToken cancellationToken)
   at GitHub.Services.WebApi.VssHttpClientBase.SendAsync(HttpRequestMessage message, HttpCompletionOption completionOption, Object userState, CancellationToken cancellationToken)
   at GitHub.Services.WebApi.VssHttpClientBase.SendAsync[T](HttpRequestMessage message, Object userState, CancellationToken cancellationToken)
   at GitHub.Services.WebApi.VssHttpClientBase.SendAsync[T](HttpMethod method, IEnumerable`1 additionalHeaders, Guid locationId, Object routeValues, ApiResourceVersion version, HttpContent content, IEnumerable`1 queryParameters, Object userState, CancellationToken cancellationToken)
   at GitHub.Runner.Listener.MessageListener.CreateSessionAsync(CancellationToken token)
[2025-04-28 11:18:39Z INFO MessageListener] The session for this runner already exists.
[2025-04-28 11:18:39Z ERR  Terminal] WRITE ERROR: A session for this runner already exists.
[2025-04-28 11:18:39Z INFO MessageListener] The session conflict exception have reached retry limit.
[2025-04-28 11:18:39Z ERR  Terminal] WRITE ERROR: Stop retry on SessionConflictException after retried for 240 seconds.
[2025-04-28 11:18:39Z ERR  Terminal] WRITE ERROR: Failed to create session. The actions runner Bens-MacBook-Air already has an active session.
[2025-04-28 11:18:39Z INFO Listener] Runner execution has finished with return code 5
